<?xml version="1.0" encoding="UTF-8"?>
<!-- Generated by org.testng.reporters.JUnitReportReporter -->
<testsuite hostname="LAPTOP-EJRVOG1G" failures="0" tests="6" name="testCases.TC003_LoginDDT" time="16.331" errors="0" timestamp="2025-05-29T17:22:35 IST" skipped="0">
  <testcase classname="testCases.TC003_LoginDDT" name="verify_loginDDT" time="3.216"/>
  <testcase classname="testCases.TC003_LoginDDT" name="verify_loginDDT" time="3.364"/>
  <testcase classname="testCases.TC003_LoginDDT" name="verify_loginDDT" time="1.738"/>
  <testcase classname="testCases.TC003_LoginDDT" name="verify_loginDDT" time="1.541"/>
  <testcase classname="testCases.TC003_LoginDDT" name="verify_loginDDT" time="3.478"/>
  <testcase classname="testCases.TC003_LoginDDT" name="verify_loginDDT" time="2.994"/>
</testsuite> <!-- testCases.TC003_LoginDDT -->
