<?xml version="1.0" encoding="UTF-8"?>
<!-- Generated by org.testng.reporters.JUnitReportReporter -->
<testsuite hostname="LAPTOP-EJRVOG1G" failures="0" tests="1" name="testCases.TC001Accountregistration" time="2.808" errors="0" timestamp="2025-05-29T17:22:35 IST" skipped="0">
  <testcase classname="testCases.TC001Accountregistration" name="actualtest" time="2.808"/>
</testsuite> <!-- testCases.TC001Accountregistration -->
