<?xml version="1.0" encoding="UTF-8"?>
<!-- Generated by org.testng.reporters.JUnitReportReporter -->
<testsuite hostname="LAPTOP-EJRVOG1G" failures="0" tests="1" name="testCases.TC001login" time="0.962" errors="0" timestamp="2025-06-05T21:09:00 IST" skipped="0">
  <testcase classname="testCases.TC001login" name="logintest" time="0.962"/>
</testsuite> <!-- testCases.TC001login -->
