<?xml version="1.0" encoding="UTF-8"?>
<!-- Generated by org.testng.reporters.JUnitReportReporter -->
<testsuite hostname="LAPTOP-EJRVOG1G" failures="0" tests="1" name="testCases.TC001Accountregistration" time="3.300" errors="0" timestamp="2025-06-05T21:09:00 IST" skipped="0">
  <testcase classname="testCases.TC001Accountregistration" name="actualtest" time="3.300"/>
</testsuite> <!-- testCases.TC001Accountregistration -->
