<?xml version="1.0" encoding="UTF-8"?>
<!-- Generated by org.testng.reporters.JUnitReportReporter -->
<testsuite hostname="LAPTOP-EJRVOG1G" failures="0" tests="6" name="testCases.TC003_LoginDDT" time="14.118" errors="0" timestamp="2025-06-05T21:11:09 IST" skipped="0">
  <testcase classname="testCases.TC003_LoginDDT" name="verify_loginDDT" time="2.981"/>
  <testcase classname="testCases.TC003_LoginDDT" name="verify_loginDDT" time="1.911"/>
  <testcase classname="testCases.TC003_LoginDDT" name="verify_loginDDT" time="1.456"/>
  <testcase classname="testCases.TC003_LoginDDT" name="verify_loginDDT" time="1.473"/>
  <testcase classname="testCases.TC003_LoginDDT" name="verify_loginDDT" time="3.672"/>
  <testcase classname="testCases.TC003_LoginDDT" name="verify_loginDDT" time="2.625"/>
</testsuite> <!-- testCases.TC003_LoginDDT -->
